The system is: Darwin - 12.4.0 - i386
Compiling the C compiler identification source file "CMakeCCompilerId.c" succeeded.
Compiler: /opt/local/bin/gcc-mp-4.7 
Build flags: 
Id flags: 

The output was:
0


Compilation of the C compiler identification source "CMakeCCompilerId.c" produced "a.out"

The C compiler identification is GNU, found in "/Users/gsibley/Code/Source/GW/calibu/applications/calib-hal/CMakeFiles/2.8.10.2/CompilerIdC/a.out"

Compiling the CXX compiler identification source file "CMakeCXXCompilerId.cpp" succeeded.
Compiler: /opt/local/bin/g++-mp-4.7 
Build flags: 
Id flags: 

The output was:
0


Compilation of the CXX compiler identification source "CMakeCXXCompilerId.cpp" produced "a.out"

The CXX compiler identification is GNU, found in "/Users/gsibley/Code/Source/GW/calibu/applications/calib-hal/CMakeFiles/2.8.10.2/CompilerIdCXX/a.out"

Determining if the C compiler works passed with the following output:
Change Dir: /Users/gsibley/Code/Source/GW/calibu/applications/calib-hal/CMakeFiles/CMakeTmp

Run Build Command:/usr/bin/make "cmTryCompileExec578375148/fast"
/usr/bin/make -f CMakeFiles/cmTryCompileExec578375148.dir/build.make CMakeFiles/cmTryCompileExec578375148.dir/build
/opt/local/bin/cmake -E cmake_progress_report /Users/gsibley/Code/Source/GW/calibu/applications/calib-hal/CMakeFiles/CMakeTmp/CMakeFiles 1
Building C object CMakeFiles/cmTryCompileExec578375148.dir/testCCompiler.c.o
/opt/local/bin/gcc-mp-4.7    -o CMakeFiles/cmTryCompileExec578375148.dir/testCCompiler.c.o   -c /Users/gsibley/Code/Source/GW/calibu/applications/calib-hal/CMakeFiles/CMakeTmp/testCCompiler.c
Linking C executable cmTryCompileExec578375148
/opt/local/bin/cmake -E cmake_link_script CMakeFiles/cmTryCompileExec578375148.dir/link.txt --verbose=1
/opt/local/bin/gcc-mp-4.7      -Wl,-search_paths_first -Wl,-headerpad_max_install_names   CMakeFiles/cmTryCompileExec578375148.dir/testCCompiler.c.o  -o cmTryCompileExec578375148  


Detecting C compiler ABI info compiled with the following output:
Change Dir: /Users/gsibley/Code/Source/GW/calibu/applications/calib-hal/CMakeFiles/CMakeTmp

Run Build Command:/usr/bin/make "cmTryCompileExec41565426/fast"
/usr/bin/make -f CMakeFiles/cmTryCompileExec41565426.dir/build.make CMakeFiles/cmTryCompileExec41565426.dir/build
/opt/local/bin/cmake -E cmake_progress_report /Users/gsibley/Code/Source/GW/calibu/applications/calib-hal/CMakeFiles/CMakeTmp/CMakeFiles 1
Building C object CMakeFiles/cmTryCompileExec41565426.dir/CMakeCCompilerABI.c.o
/opt/local/bin/gcc-mp-4.7    -o CMakeFiles/cmTryCompileExec41565426.dir/CMakeCCompilerABI.c.o   -c /opt/local/share/cmake-2.8/Modules/CMakeCCompilerABI.c
Linking C executable cmTryCompileExec41565426
/opt/local/bin/cmake -E cmake_link_script CMakeFiles/cmTryCompileExec41565426.dir/link.txt --verbose=1
/opt/local/bin/gcc-mp-4.7      -Wl,-search_paths_first -Wl,-headerpad_max_install_names -v CMakeFiles/cmTryCompileExec41565426.dir/CMakeCCompilerABI.c.o  -o cmTryCompileExec41565426   
Using built-in specs.
COLLECT_GCC=/opt/local/bin/gcc-mp-4.7
COLLECT_LTO_WRAPPER=/opt/local/libexec/gcc/x86_64-apple-darwin12/4.7.3/lto-wrapper
Target: x86_64-apple-darwin12
Configured with: ../gcc-4.7.3/configure --prefix=/opt/local --build=x86_64-apple-darwin12 --enable-languages=c,c++,objc,obj-c++,lto,fortran,java --libdir=/opt/local/lib/gcc47 --includedir=/opt/local/include/gcc47 --infodir=/opt/local/share/info --mandir=/opt/local/share/man --datarootdir=/opt/local/share/gcc-4.7 --with-libiconv-prefix=/opt/local --with-local-prefix=/opt/local --with-system-zlib --disable-nls --program-suffix=-mp-4.7 --with-gxx-include-dir=/opt/local/include/gcc47/c++/ --with-gmp=/opt/local --with-mpfr=/opt/local --with-mpc=/opt/local --with-ppl=/opt/local --with-cloog=/opt/local --enable-cloog-backend=isl --disable-cloog-version-check --enable-stage1-checking --disable-multilib --enable-lto --enable-libstdcxx-time --with-as=/opt/local/bin/as --with-ld=/opt/local/bin/ld --with-ar=/opt/local/bin/ar --with-bugurl=https://trac.macports.org/newticket --disable-ppl-version-check --with-pkgversion='MacPorts gcc47 4.7.3_1'
Thread model: posix
gcc version 4.7.3 (MacPorts gcc47 4.7.3_1) 
COMPILER_PATH=/opt/local/libexec/gcc/x86_64-apple-darwin12/4.7.3/:/opt/local/libexec/gcc/x86_64-apple-darwin12/4.7.3/:/opt/local/libexec/gcc/x86_64-apple-darwin12/:/opt/local/lib/gcc47/gcc/x86_64-apple-darwin12/4.7.3/:/opt/local/lib/gcc47/gcc/x86_64-apple-darwin12/
LIBRARY_PATH=/opt/local/lib/gcc47/gcc/x86_64-apple-darwin12/4.7.3/:/opt/local/lib/gcc47/gcc/x86_64-apple-darwin12/4.7.3/../../../:/usr/lib/
COLLECT_GCC_OPTIONS='-mmacosx-version-min=10.8.4' '-v' '-o' 'cmTryCompileExec41565426' '-mtune=core2'
 /opt/local/libexec/gcc/x86_64-apple-darwin12/4.7.3/collect2 -dynamic -arch x86_64 -macosx_version_min 10.8.4 -weak_reference_mismatches non-weak -o cmTryCompileExec41565426 -L/opt/local/lib/gcc47/gcc/x86_64-apple-darwin12/4.7.3 -L/opt/local/lib/gcc47/gcc/x86_64-apple-darwin12/4.7.3/../../.. -search_paths_first -headerpad_max_install_names CMakeFiles/cmTryCompileExec41565426.dir/CMakeCCompilerABI.c.o -no_compact_unwind -lSystem -lgcc_ext.10.5 -lgcc -lSystem -v
collect2 version 4.7.3
/opt/local/bin/ld -dynamic -arch x86_64 -macosx_version_min 10.8.4 -weak_reference_mismatches non-weak -o cmTryCompileExec41565426 -L/opt/local/lib/gcc47/gcc/x86_64-apple-darwin12/4.7.3 -L/opt/local/lib/gcc47/gcc/x86_64-apple-darwin12/4.7.3/../../.. -search_paths_first -headerpad_max_install_names CMakeFiles/cmTryCompileExec41565426.dir/CMakeCCompilerABI.c.o -no_compact_unwind -lSystem -lgcc_ext.10.5 -lgcc -lSystem -v
@(#)PROGRAM:ld  PROJECT:ld64-136
configured to support archs: i386 x86_64 armv7 armv7s
Library search paths:
	/opt/local/lib/gcc47/gcc/x86_64-apple-darwin12/4.7.3
	/opt/local/lib/gcc47
	/usr/lib
	/usr/local/lib
Framework search paths:
	/Library/Frameworks/
	/System/Library/Frameworks/


Parsed C implicit link information from above output:
  link line regex: [^( *|.*[/\])(ld|ld|collect2)[^/\]*( |$)]
  ignore line: [Change Dir: /Users/gsibley/Code/Source/GW/calibu/applications/calib-hal/CMakeFiles/CMakeTmp]
  ignore line: []
  ignore line: [Run Build Command:/usr/bin/make "cmTryCompileExec41565426/fast"]
  ignore line: [/usr/bin/make -f CMakeFiles/cmTryCompileExec41565426.dir/build.make CMakeFiles/cmTryCompileExec41565426.dir/build]
  ignore line: [/opt/local/bin/cmake -E cmake_progress_report /Users/gsibley/Code/Source/GW/calibu/applications/calib-hal/CMakeFiles/CMakeTmp/CMakeFiles 1]
  ignore line: [Building C object CMakeFiles/cmTryCompileExec41565426.dir/CMakeCCompilerABI.c.o]
  ignore line: [/opt/local/bin/gcc-mp-4.7    -o CMakeFiles/cmTryCompileExec41565426.dir/CMakeCCompilerABI.c.o   -c /opt/local/share/cmake-2.8/Modules/CMakeCCompilerABI.c]
  ignore line: [Linking C executable cmTryCompileExec41565426]
  ignore line: [/opt/local/bin/cmake -E cmake_link_script CMakeFiles/cmTryCompileExec41565426.dir/link.txt --verbose=1]
  ignore line: [/opt/local/bin/gcc-mp-4.7      -Wl,-search_paths_first -Wl,-headerpad_max_install_names -v CMakeFiles/cmTryCompileExec41565426.dir/CMakeCCompilerABI.c.o  -o cmTryCompileExec41565426   ]
  ignore line: [Using built-in specs.]
  ignore line: [COLLECT_GCC=/opt/local/bin/gcc-mp-4.7]
  ignore line: [COLLECT_LTO_WRAPPER=/opt/local/libexec/gcc/x86_64-apple-darwin12/4.7.3/lto-wrapper]
  ignore line: [Target: x86_64-apple-darwin12]
  ignore line: [Configured with: ../gcc-4.7.3/configure --prefix=/opt/local --build=x86_64-apple-darwin12 --enable-languages=c,c++,objc,obj-c++,lto,fortran,java --libdir=/opt/local/lib/gcc47 --includedir=/opt/local/include/gcc47 --infodir=/opt/local/share/info --mandir=/opt/local/share/man --datarootdir=/opt/local/share/gcc-4.7 --with-libiconv-prefix=/opt/local --with-local-prefix=/opt/local --with-system-zlib --disable-nls --program-suffix=-mp-4.7 --with-gxx-include-dir=/opt/local/include/gcc47/c++/ --with-gmp=/opt/local --with-mpfr=/opt/local --with-mpc=/opt/local --with-ppl=/opt/local --with-cloog=/opt/local --enable-cloog-backend=isl --disable-cloog-version-check --enable-stage1-checking --disable-multilib --enable-lto --enable-libstdcxx-time --with-as=/opt/local/bin/as --with-ld=/opt/local/bin/ld --with-ar=/opt/local/bin/ar --with-bugurl=https://trac.macports.org/newticket --disable-ppl-version-check --with-pkgversion='MacPorts gcc47 4.7.3_1']
  ignore line: [Thread model: posix]
  ignore line: [gcc version 4.7.3 (MacPorts gcc47 4.7.3_1) ]
  ignore line: [COMPILER_PATH=/opt/local/libexec/gcc/x86_64-apple-darwin12/4.7.3/:/opt/local/libexec/gcc/x86_64-apple-darwin12/4.7.3/:/opt/local/libexec/gcc/x86_64-apple-darwin12/:/opt/local/lib/gcc47/gcc/x86_64-apple-darwin12/4.7.3/:/opt/local/lib/gcc47/gcc/x86_64-apple-darwin12/]
  ignore line: [LIBRARY_PATH=/opt/local/lib/gcc47/gcc/x86_64-apple-darwin12/4.7.3/:/opt/local/lib/gcc47/gcc/x86_64-apple-darwin12/4.7.3/../../../:/usr/lib/]
  ignore line: [COLLECT_GCC_OPTIONS='-mmacosx-version-min=10.8.4' '-v' '-o' 'cmTryCompileExec41565426' '-mtune=core2']
  link line: [ /opt/local/libexec/gcc/x86_64-apple-darwin12/4.7.3/collect2 -dynamic -arch x86_64 -macosx_version_min 10.8.4 -weak_reference_mismatches non-weak -o cmTryCompileExec41565426 -L/opt/local/lib/gcc47/gcc/x86_64-apple-darwin12/4.7.3 -L/opt/local/lib/gcc47/gcc/x86_64-apple-darwin12/4.7.3/../../.. -search_paths_first -headerpad_max_install_names CMakeFiles/cmTryCompileExec41565426.dir/CMakeCCompilerABI.c.o -no_compact_unwind -lSystem -lgcc_ext.10.5 -lgcc -lSystem -v]
    arg [/opt/local/libexec/gcc/x86_64-apple-darwin12/4.7.3/collect2] ==> ignore
    arg [-dynamic] ==> ignore
    arg [-arch] ==> ignore
    arg [x86_64] ==> ignore
    arg [-macosx_version_min] ==> ignore
    arg [10.8.4] ==> ignore
    arg [-weak_reference_mismatches] ==> ignore
    arg [non-weak] ==> ignore
    arg [-o] ==> ignore
    arg [cmTryCompileExec41565426] ==> ignore
    arg [-L/opt/local/lib/gcc47/gcc/x86_64-apple-darwin12/4.7.3] ==> dir [/opt/local/lib/gcc47/gcc/x86_64-apple-darwin12/4.7.3]
    arg [-L/opt/local/lib/gcc47/gcc/x86_64-apple-darwin12/4.7.3/../../..] ==> dir [/opt/local/lib/gcc47/gcc/x86_64-apple-darwin12/4.7.3/../../..]
    arg [-search_paths_first] ==> ignore
    arg [-headerpad_max_install_names] ==> ignore
    arg [CMakeFiles/cmTryCompileExec41565426.dir/CMakeCCompilerABI.c.o] ==> ignore
    arg [-no_compact_unwind] ==> ignore
    arg [-lSystem] ==> lib [System]
    arg [-lgcc_ext.10.5] ==> lib [gcc_ext.10.5]
    arg [-lgcc] ==> lib [gcc]
    arg [-lSystem] ==> lib [System]
    arg [-v] ==> ignore
  remove lib [System]
  remove lib [gcc_ext.10.5]
  remove lib [gcc]
  remove lib [System]
  collapse dir [/opt/local/lib/gcc47/gcc/x86_64-apple-darwin12/4.7.3] ==> [/opt/local/lib/gcc47/gcc/x86_64-apple-darwin12/4.7.3]
  collapse dir [/opt/local/lib/gcc47/gcc/x86_64-apple-darwin12/4.7.3/../../..] ==> [/opt/local/lib/gcc47]
  implicit libs: []
  implicit dirs: [/opt/local/lib/gcc47/gcc/x86_64-apple-darwin12/4.7.3;/opt/local/lib/gcc47]


Determining if the CXX compiler works passed with the following output:
Change Dir: /Users/gsibley/Code/Source/GW/calibu/applications/calib-hal/CMakeFiles/CMakeTmp

Run Build Command:/usr/bin/make "cmTryCompileExec2161059312/fast"
/usr/bin/make -f CMakeFiles/cmTryCompileExec2161059312.dir/build.make CMakeFiles/cmTryCompileExec2161059312.dir/build
/opt/local/bin/cmake -E cmake_progress_report /Users/gsibley/Code/Source/GW/calibu/applications/calib-hal/CMakeFiles/CMakeTmp/CMakeFiles 1
Building CXX object CMakeFiles/cmTryCompileExec2161059312.dir/testCXXCompiler.cxx.o
/opt/local/bin/g++-mp-4.7     -o CMakeFiles/cmTryCompileExec2161059312.dir/testCXXCompiler.cxx.o -c /Users/gsibley/Code/Source/GW/calibu/applications/calib-hal/CMakeFiles/CMakeTmp/testCXXCompiler.cxx
Linking CXX executable cmTryCompileExec2161059312
/opt/local/bin/cmake -E cmake_link_script CMakeFiles/cmTryCompileExec2161059312.dir/link.txt --verbose=1
/opt/local/bin/g++-mp-4.7       -Wl,-search_paths_first -Wl,-headerpad_max_install_names   CMakeFiles/cmTryCompileExec2161059312.dir/testCXXCompiler.cxx.o  -o cmTryCompileExec2161059312  


Detecting CXX compiler ABI info compiled with the following output:
Change Dir: /Users/gsibley/Code/Source/GW/calibu/applications/calib-hal/CMakeFiles/CMakeTmp

Run Build Command:/usr/bin/make "cmTryCompileExec246783922/fast"
/usr/bin/make -f CMakeFiles/cmTryCompileExec246783922.dir/build.make CMakeFiles/cmTryCompileExec246783922.dir/build
/opt/local/bin/cmake -E cmake_progress_report /Users/gsibley/Code/Source/GW/calibu/applications/calib-hal/CMakeFiles/CMakeTmp/CMakeFiles 1
Building CXX object CMakeFiles/cmTryCompileExec246783922.dir/CMakeCXXCompilerABI.cpp.o
/opt/local/bin/g++-mp-4.7     -o CMakeFiles/cmTryCompileExec246783922.dir/CMakeCXXCompilerABI.cpp.o -c /opt/local/share/cmake-2.8/Modules/CMakeCXXCompilerABI.cpp
Linking CXX executable cmTryCompileExec246783922
/opt/local/bin/cmake -E cmake_link_script CMakeFiles/cmTryCompileExec246783922.dir/link.txt --verbose=1
/opt/local/bin/g++-mp-4.7       -Wl,-search_paths_first -Wl,-headerpad_max_install_names -v CMakeFiles/cmTryCompileExec246783922.dir/CMakeCXXCompilerABI.cpp.o  -o cmTryCompileExec246783922   
Using built-in specs.
COLLECT_GCC=/opt/local/bin/g++-mp-4.7
COLLECT_LTO_WRAPPER=/opt/local/libexec/gcc/x86_64-apple-darwin12/4.7.3/lto-wrapper
Target: x86_64-apple-darwin12
Configured with: ../gcc-4.7.3/configure --prefix=/opt/local --build=x86_64-apple-darwin12 --enable-languages=c,c++,objc,obj-c++,lto,fortran,java --libdir=/opt/local/lib/gcc47 --includedir=/opt/local/include/gcc47 --infodir=/opt/local/share/info --mandir=/opt/local/share/man --datarootdir=/opt/local/share/gcc-4.7 --with-libiconv-prefix=/opt/local --with-local-prefix=/opt/local --with-system-zlib --disable-nls --program-suffix=-mp-4.7 --with-gxx-include-dir=/opt/local/include/gcc47/c++/ --with-gmp=/opt/local --with-mpfr=/opt/local --with-mpc=/opt/local --with-ppl=/opt/local --with-cloog=/opt/local --enable-cloog-backend=isl --disable-cloog-version-check --enable-stage1-checking --disable-multilib --enable-lto --enable-libstdcxx-time --with-as=/opt/local/bin/as --with-ld=/opt/local/bin/ld --with-ar=/opt/local/bin/ar --with-bugurl=https://trac.macports.org/newticket --disable-ppl-version-check --with-pkgversion='MacPorts gcc47 4.7.3_1'
Thread model: posix
gcc version 4.7.3 (MacPorts gcc47 4.7.3_1) 
COMPILER_PATH=/opt/local/libexec/gcc/x86_64-apple-darwin12/4.7.3/:/opt/local/libexec/gcc/x86_64-apple-darwin12/4.7.3/:/opt/local/libexec/gcc/x86_64-apple-darwin12/:/opt/local/lib/gcc47/gcc/x86_64-apple-darwin12/4.7.3/:/opt/local/lib/gcc47/gcc/x86_64-apple-darwin12/
LIBRARY_PATH=/opt/local/lib/gcc47/gcc/x86_64-apple-darwin12/4.7.3/:/opt/local/lib/gcc47/gcc/x86_64-apple-darwin12/4.7.3/../../../:/usr/lib/
COLLECT_GCC_OPTIONS='-mmacosx-version-min=10.8.4' '-v' '-o' 'cmTryCompileExec246783922' '-shared-libgcc' '-mtune=core2'
 /opt/local/libexec/gcc/x86_64-apple-darwin12/4.7.3/collect2 -dynamic -arch x86_64 -macosx_version_min 10.8.4 -weak_reference_mismatches non-weak -o cmTryCompileExec246783922 -L/opt/local/lib/gcc47/gcc/x86_64-apple-darwin12/4.7.3 -L/opt/local/lib/gcc47/gcc/x86_64-apple-darwin12/4.7.3/../../.. -search_paths_first -headerpad_max_install_names CMakeFiles/cmTryCompileExec246783922.dir/CMakeCXXCompilerABI.cpp.o -lstdc++ -no_compact_unwind -lSystem -lgcc_ext.10.5 -lgcc -lSystem -v
collect2 version 4.7.3
/opt/local/bin/ld -dynamic -arch x86_64 -macosx_version_min 10.8.4 -weak_reference_mismatches non-weak -o cmTryCompileExec246783922 -L/opt/local/lib/gcc47/gcc/x86_64-apple-darwin12/4.7.3 -L/opt/local/lib/gcc47/gcc/x86_64-apple-darwin12/4.7.3/../../.. -search_paths_first -headerpad_max_install_names CMakeFiles/cmTryCompileExec246783922.dir/CMakeCXXCompilerABI.cpp.o -lstdc++ -no_compact_unwind -lSystem -lgcc_ext.10.5 -lgcc -lSystem -v
@(#)PROGRAM:ld  PROJECT:ld64-136
configured to support archs: i386 x86_64 armv7 armv7s
Library search paths:
	/opt/local/lib/gcc47/gcc/x86_64-apple-darwin12/4.7.3
	/opt/local/lib/gcc47
	/usr/lib
	/usr/local/lib
Framework search paths:
	/Library/Frameworks/
	/System/Library/Frameworks/


Parsed CXX implicit link information from above output:
  link line regex: [^( *|.*[/\])(ld|ld|collect2)[^/\]*( |$)]
  ignore line: [Change Dir: /Users/gsibley/Code/Source/GW/calibu/applications/calib-hal/CMakeFiles/CMakeTmp]
  ignore line: []
  ignore line: [Run Build Command:/usr/bin/make "cmTryCompileExec246783922/fast"]
  ignore line: [/usr/bin/make -f CMakeFiles/cmTryCompileExec246783922.dir/build.make CMakeFiles/cmTryCompileExec246783922.dir/build]
  ignore line: [/opt/local/bin/cmake -E cmake_progress_report /Users/gsibley/Code/Source/GW/calibu/applications/calib-hal/CMakeFiles/CMakeTmp/CMakeFiles 1]
  ignore line: [Building CXX object CMakeFiles/cmTryCompileExec246783922.dir/CMakeCXXCompilerABI.cpp.o]
  ignore line: [/opt/local/bin/g++-mp-4.7     -o CMakeFiles/cmTryCompileExec246783922.dir/CMakeCXXCompilerABI.cpp.o -c /opt/local/share/cmake-2.8/Modules/CMakeCXXCompilerABI.cpp]
  ignore line: [Linking CXX executable cmTryCompileExec246783922]
  ignore line: [/opt/local/bin/cmake -E cmake_link_script CMakeFiles/cmTryCompileExec246783922.dir/link.txt --verbose=1]
  ignore line: [/opt/local/bin/g++-mp-4.7       -Wl,-search_paths_first -Wl,-headerpad_max_install_names -v CMakeFiles/cmTryCompileExec246783922.dir/CMakeCXXCompilerABI.cpp.o  -o cmTryCompileExec246783922   ]
  ignore line: [Using built-in specs.]
  ignore line: [COLLECT_GCC=/opt/local/bin/g++-mp-4.7]
  ignore line: [COLLECT_LTO_WRAPPER=/opt/local/libexec/gcc/x86_64-apple-darwin12/4.7.3/lto-wrapper]
  ignore line: [Target: x86_64-apple-darwin12]
  ignore line: [Configured with: ../gcc-4.7.3/configure --prefix=/opt/local --build=x86_64-apple-darwin12 --enable-languages=c,c++,objc,obj-c++,lto,fortran,java --libdir=/opt/local/lib/gcc47 --includedir=/opt/local/include/gcc47 --infodir=/opt/local/share/info --mandir=/opt/local/share/man --datarootdir=/opt/local/share/gcc-4.7 --with-libiconv-prefix=/opt/local --with-local-prefix=/opt/local --with-system-zlib --disable-nls --program-suffix=-mp-4.7 --with-gxx-include-dir=/opt/local/include/gcc47/c++/ --with-gmp=/opt/local --with-mpfr=/opt/local --with-mpc=/opt/local --with-ppl=/opt/local --with-cloog=/opt/local --enable-cloog-backend=isl --disable-cloog-version-check --enable-stage1-checking --disable-multilib --enable-lto --enable-libstdcxx-time --with-as=/opt/local/bin/as --with-ld=/opt/local/bin/ld --with-ar=/opt/local/bin/ar --with-bugurl=https://trac.macports.org/newticket --disable-ppl-version-check --with-pkgversion='MacPorts gcc47 4.7.3_1']
  ignore line: [Thread model: posix]
  ignore line: [gcc version 4.7.3 (MacPorts gcc47 4.7.3_1) ]
  ignore line: [COMPILER_PATH=/opt/local/libexec/gcc/x86_64-apple-darwin12/4.7.3/:/opt/local/libexec/gcc/x86_64-apple-darwin12/4.7.3/:/opt/local/libexec/gcc/x86_64-apple-darwin12/:/opt/local/lib/gcc47/gcc/x86_64-apple-darwin12/4.7.3/:/opt/local/lib/gcc47/gcc/x86_64-apple-darwin12/]
  ignore line: [LIBRARY_PATH=/opt/local/lib/gcc47/gcc/x86_64-apple-darwin12/4.7.3/:/opt/local/lib/gcc47/gcc/x86_64-apple-darwin12/4.7.3/../../../:/usr/lib/]
  ignore line: [COLLECT_GCC_OPTIONS='-mmacosx-version-min=10.8.4' '-v' '-o' 'cmTryCompileExec246783922' '-shared-libgcc' '-mtune=core2']
  link line: [ /opt/local/libexec/gcc/x86_64-apple-darwin12/4.7.3/collect2 -dynamic -arch x86_64 -macosx_version_min 10.8.4 -weak_reference_mismatches non-weak -o cmTryCompileExec246783922 -L/opt/local/lib/gcc47/gcc/x86_64-apple-darwin12/4.7.3 -L/opt/local/lib/gcc47/gcc/x86_64-apple-darwin12/4.7.3/../../.. -search_paths_first -headerpad_max_install_names CMakeFiles/cmTryCompileExec246783922.dir/CMakeCXXCompilerABI.cpp.o -lstdc++ -no_compact_unwind -lSystem -lgcc_ext.10.5 -lgcc -lSystem -v]
    arg [/opt/local/libexec/gcc/x86_64-apple-darwin12/4.7.3/collect2] ==> ignore
    arg [-dynamic] ==> ignore
    arg [-arch] ==> ignore
    arg [x86_64] ==> ignore
    arg [-macosx_version_min] ==> ignore
    arg [10.8.4] ==> ignore
    arg [-weak_reference_mismatches] ==> ignore
    arg [non-weak] ==> ignore
    arg [-o] ==> ignore
    arg [cmTryCompileExec246783922] ==> ignore
    arg [-L/opt/local/lib/gcc47/gcc/x86_64-apple-darwin12/4.7.3] ==> dir [/opt/local/lib/gcc47/gcc/x86_64-apple-darwin12/4.7.3]
    arg [-L/opt/local/lib/gcc47/gcc/x86_64-apple-darwin12/4.7.3/../../..] ==> dir [/opt/local/lib/gcc47/gcc/x86_64-apple-darwin12/4.7.3/../../..]
    arg [-search_paths_first] ==> ignore
    arg [-headerpad_max_install_names] ==> ignore
    arg [CMakeFiles/cmTryCompileExec246783922.dir/CMakeCXXCompilerABI.cpp.o] ==> ignore
    arg [-lstdc++] ==> lib [stdc++]
    arg [-no_compact_unwind] ==> ignore
    arg [-lSystem] ==> lib [System]
    arg [-lgcc_ext.10.5] ==> lib [gcc_ext.10.5]
    arg [-lgcc] ==> lib [gcc]
    arg [-lSystem] ==> lib [System]
    arg [-v] ==> ignore
  remove lib [System]
  remove lib [gcc_ext.10.5]
  remove lib [gcc]
  remove lib [System]
  collapse dir [/opt/local/lib/gcc47/gcc/x86_64-apple-darwin12/4.7.3] ==> [/opt/local/lib/gcc47/gcc/x86_64-apple-darwin12/4.7.3]
  collapse dir [/opt/local/lib/gcc47/gcc/x86_64-apple-darwin12/4.7.3/../../..] ==> [/opt/local/lib/gcc47]
  implicit libs: [stdc++]
  implicit dirs: [/opt/local/lib/gcc47/gcc/x86_64-apple-darwin12/4.7.3;/opt/local/lib/gcc47]


